CRITICAL - 2023-08-01 01:05:21 --> Call to undefined method App\Models\M_model::ultraRows
#0 C:\xampp\htdocs\stefany\app\Controllers\Home.php(192): CodeIgniter\Model->__call('ultraRows', Array)
#1 C:\xampp\htdocs\stefany\system\CodeIgniter.php(832): App\Controllers\Home->edit_pengguna('6')
#2 C:\xampp\htdocs\stefany\system\CodeIgniter.php(419): CodeIgniter\CodeIgniter->runController(Object(App\Controllers\Home))
#3 C:\xampp\htdocs\stefany\system\CodeIgniter.php(326): CodeIgniter\CodeIgniter->handleRequest(NULL, Object(Config\Cache), false)
#4 C:\xampp\htdocs\stefany\public\index.php(37): CodeIgniter\CodeIgniter->run()
#5 C:\xampp\htdocs\stefany\system\Commands\Server\rewrite.php(43): require_once('C:\\xampp\\htdocs...')
#6 {main}
CRITICAL - 2023-08-01 01:06:23 --> Call to undefined method App\Models\M_model::ultraRows
#0 C:\xampp\htdocs\stefany\app\Controllers\Home.php(192): CodeIgniter\Model->__call('ultraRows', Array)
#1 C:\xampp\htdocs\stefany\system\CodeIgniter.php(832): App\Controllers\Home->edit_pengguna('6')
#2 C:\xampp\htdocs\stefany\system\CodeIgniter.php(419): CodeIgniter\CodeIgniter->runController(Object(App\Controllers\Home))
#3 C:\xampp\htdocs\stefany\system\CodeIgniter.php(326): CodeIgniter\CodeIgniter->handleRequest(NULL, Object(Config\Cache), false)
#4 C:\xampp\htdocs\stefany\public\index.php(37): CodeIgniter\CodeIgniter->run()
#5 C:\xampp\htdocs\stefany\system\Commands\Server\rewrite.php(43): require_once('C:\\xampp\\htdocs...')
#6 {main}
CRITICAL - 2023-08-01 01:07:44 --> Too few arguments to function App\Models\M_model::ultraRow(), 6 passed in C:\xampp\htdocs\stefany\app\Controllers\Home.php on line 192 and exactly 8 expected
#0 C:\xampp\htdocs\stefany\app\Controllers\Home.php(192): App\Models\M_model->ultraRow('pengguna', 'user', 'kelas', 'pengguna.id_use...', 'pengguna.id_kel...', Array)
#1 C:\xampp\htdocs\stefany\system\CodeIgniter.php(832): App\Controllers\Home->edit_pengguna('6')
#2 C:\xampp\htdocs\stefany\system\CodeIgniter.php(419): CodeIgniter\CodeIgniter->runController(Object(App\Controllers\Home))
#3 C:\xampp\htdocs\stefany\system\CodeIgniter.php(326): CodeIgniter\CodeIgniter->handleRequest(NULL, Object(Config\Cache), false)
#4 C:\xampp\htdocs\stefany\public\index.php(37): CodeIgniter\CodeIgniter->run()
#5 C:\xampp\htdocs\stefany\system\Commands\Server\rewrite.php(43): require_once('C:\\xampp\\htdocs...')
#6 {main}
CRITICAL - 2023-08-01 01:27:14 --> syntax error, unexpected 'session' (T_STRING), expecting '('
#0 C:\xampp\htdocs\stefany\system\View\View.php(213): CodeIgniter\View\View->CodeIgniter\View\{closure}()
#1 C:\xampp\htdocs\stefany\system\Common.php(1089): CodeIgniter\View\View->render('jadwal', Array, true)
#2 C:\xampp\htdocs\stefany\app\Controllers\Home.php(303): view('jadwal')
#3 C:\xampp\htdocs\stefany\system\CodeIgniter.php(832): App\Controllers\Home->jadwal()
#4 C:\xampp\htdocs\stefany\system\CodeIgniter.php(419): CodeIgniter\CodeIgniter->runController(Object(App\Controllers\Home))
#5 C:\xampp\htdocs\stefany\system\CodeIgniter.php(326): CodeIgniter\CodeIgniter->handleRequest(NULL, Object(Config\Cache), false)
#6 C:\xampp\htdocs\stefany\public\index.php(37): CodeIgniter\CodeIgniter->run()
#7 C:\xampp\htdocs\stefany\system\Commands\Server\rewrite.php(43): require_once('C:\\xampp\\htdocs...')
#8 {main}
CRITICAL - 2023-08-01 01:28:45 --> syntax error, unexpected '||' (T_BOOLEAN_OR)
#0 C:\xampp\htdocs\stefany\system\View\View.php(213): CodeIgniter\View\View->CodeIgniter\View\{closure}()
#1 C:\xampp\htdocs\stefany\system\Common.php(1089): CodeIgniter\View\View->render('jadwal', Array, true)
#2 C:\xampp\htdocs\stefany\app\Controllers\Home.php(303): view('jadwal')
#3 C:\xampp\htdocs\stefany\system\CodeIgniter.php(832): App\Controllers\Home->jadwal()
#4 C:\xampp\htdocs\stefany\system\CodeIgniter.php(419): CodeIgniter\CodeIgniter->runController(Object(App\Controllers\Home))
#5 C:\xampp\htdocs\stefany\system\CodeIgniter.php(326): CodeIgniter\CodeIgniter->handleRequest(NULL, Object(Config\Cache), false)
#6 C:\xampp\htdocs\stefany\public\index.php(37): CodeIgniter\CodeIgniter->run()
#7 C:\xampp\htdocs\stefany\system\Commands\Server\rewrite.php(43): require_once('C:\\xampp\\htdocs...')
#8 {main}
CRITICAL - 2023-08-01 01:56:37 --> Maximum execution time of 60 seconds exceeded
#0 [internal function]: CodeIgniter\Debug\Exceptions->shutdownHandler()
#1 {main}
