ERROR - 2024-04-21 01:31:26 --> Column 'nik' cannot be null
CRITICAL - 2024-04-21 01:32:15 --> Invalid file: edit_mapel.php
#0 C:\xampp\htdocs\stefany\system\View\View.php(198): CodeIgniter\Exceptions\FrameworkException::forInvalidFile('edit_mapel.php')
#1 C:\xampp\htdocs\stefany\system\Common.php(1089): CodeIgniter\View\View->render('edit_mapel', Array, true)
#2 C:\xampp\htdocs\stefany\app\Controllers\Home.php(1184): view('edit_mapel', Array)
#3 C:\xampp\htdocs\stefany\system\CodeIgniter.php(832): App\Controllers\Home->edit_mapel('1')
#4 C:\xampp\htdocs\stefany\system\CodeIgniter.php(419): CodeIgniter\CodeIgniter->runController(Object(App\Controllers\Home))
#5 C:\xampp\htdocs\stefany\system\CodeIgniter.php(326): CodeIgniter\CodeIgniter->handleRequest(NULL, Object(Config\Cache), false)
#6 C:\xampp\htdocs\stefany\public\index.php(37): CodeIgniter\CodeIgniter->run()
#7 C:\xampp\htdocs\stefany\system\Commands\Server\rewrite.php(43): require_once('C:\\xampp\\htdocs...')
#8 {main}
ERROR - 2024-04-21 01:34:15 --> Unknown column 'a' in 'field list'
ERROR - 2024-04-21 01:34:22 --> Unknown column 'a' in 'field list'
ERROR - 2024-04-21 01:36:02 --> Unknown column 'a' in 'field list'
ERROR - 2024-04-21 01:36:15 --> Unknown column 'a' in 'field list'
ERROR - 2024-04-21 01:53:38 --> Unknown column 'a' in 'field list'
ERROR - 2024-04-21 01:54:55 --> Unknown column 'a' in 'field list'
ERROR - 2024-04-21 01:57:23 --> Unknown column 'a' in 'field list'
ERROR - 2024-04-21 01:57:32 --> Unknown column 'a' in 'field list'
ERROR - 2024-04-21 02:00:47 --> Unknown column 'a' in 'field list'
