CRITICAL - 2023-07-20 00:21:28 --> syntax error, unexpected end of file, expecting function (T_FUNCTION) or const (T_CONST)
#0 C:\xampp\htdocs\stefany\system\Router\Router.php(175): CodeIgniter\Router\Router->autoRoute('home/pengguna')
#1 C:\xampp\htdocs\stefany\system\CodeIgniter.php(726): CodeIgniter\Router\Router->handle('home/pengguna')
#2 C:\xampp\htdocs\stefany\system\CodeIgniter.php(368): CodeIgniter\CodeIgniter->tryToRouteIt(Object(CodeIgniter\Router\RouteCollection))
#3 C:\xampp\htdocs\stefany\system\CodeIgniter.php(326): CodeIgniter\CodeIgniter->handleRequest(NULL, Object(Config\Cache), false)
#4 C:\xampp\htdocs\stefany\public\index.php(37): CodeIgniter\CodeIgniter->run()
#5 C:\xampp\htdocs\stefany\system\Commands\Server\rewrite.php(43): require_once('C:\\xampp\\htdocs...')
#6 {main}
CRITICAL - 2023-07-20 00:36:15 --> Argument 2 passed to view() must be of the type array, null given, called in C:\xampp\htdocs\stefany\app\Controllers\Home.php on line 54
#0 C:\xampp\htdocs\stefany\app\Controllers\Home.php(54): view('jadwal', NULL)
#1 C:\xampp\htdocs\stefany\system\CodeIgniter.php(832): App\Controllers\Home->jadwal()
#2 C:\xampp\htdocs\stefany\system\CodeIgniter.php(419): CodeIgniter\CodeIgniter->runController(Object(App\Controllers\Home))
#3 C:\xampp\htdocs\stefany\system\CodeIgniter.php(326): CodeIgniter\CodeIgniter->handleRequest(NULL, Object(Config\Cache), false)
#4 C:\xampp\htdocs\stefany\public\index.php(37): CodeIgniter\CodeIgniter->run()
#5 C:\xampp\htdocs\stefany\system\Commands\Server\rewrite.php(43): require_once('C:\\xampp\\htdocs...')
#6 {main}
CRITICAL - 2023-07-20 00:36:27 --> Argument 2 passed to view() must be of the type array, null given, called in C:\xampp\htdocs\stefany\app\Controllers\Home.php on line 54
#0 C:\xampp\htdocs\stefany\app\Controllers\Home.php(54): view('jadwal', NULL)
#1 C:\xampp\htdocs\stefany\system\CodeIgniter.php(832): App\Controllers\Home->jadwal()
#2 C:\xampp\htdocs\stefany\system\CodeIgniter.php(419): CodeIgniter\CodeIgniter->runController(Object(App\Controllers\Home))
#3 C:\xampp\htdocs\stefany\system\CodeIgniter.php(326): CodeIgniter\CodeIgniter->handleRequest(NULL, Object(Config\Cache), false)
#4 C:\xampp\htdocs\stefany\public\index.php(37): CodeIgniter\CodeIgniter->run()
#5 C:\xampp\htdocs\stefany\system\Commands\Server\rewrite.php(43): require_once('C:\\xampp\\htdocs...')
#6 {main}
CRITICAL - 2023-07-20 00:37:13 --> Invalid argument supplied for foreach()
#0 C:\xampp\htdocs\stefany\app\Views\jadwal.php(13): CodeIgniter\Debug\Exceptions->errorHandler(2, 'Invalid argumen...', 'C:\\xampp\\htdocs...', 13, Array)
#1 C:\xampp\htdocs\stefany\system\View\View.php(210): include('C:\\xampp\\htdocs...')
#2 C:\xampp\htdocs\stefany\system\View\View.php(213): CodeIgniter\View\View->CodeIgniter\View\{closure}()
#3 C:\xampp\htdocs\stefany\system\Common.php(1089): CodeIgniter\View\View->render('jadwal', Array, true)
#4 C:\xampp\htdocs\stefany\app\Controllers\Home.php(54): view('jadwal')
#5 C:\xampp\htdocs\stefany\system\CodeIgniter.php(832): App\Controllers\Home->jadwal()
#6 C:\xampp\htdocs\stefany\system\CodeIgniter.php(419): CodeIgniter\CodeIgniter->runController(Object(App\Controllers\Home))
#7 C:\xampp\htdocs\stefany\system\CodeIgniter.php(326): CodeIgniter\CodeIgniter->handleRequest(NULL, Object(Config\Cache), false)
#8 C:\xampp\htdocs\stefany\public\index.php(37): CodeIgniter\CodeIgniter->run()
#9 C:\xampp\htdocs\stefany\system\Commands\Server\rewrite.php(43): require_once('C:\\xampp\\htdocs...')
#10 {main}
CRITICAL - 2023-07-20 00:37:55 --> Argument 2 passed to view() must be of the type array, null given, called in C:\xampp\htdocs\stefany\app\Controllers\Home.php on line 54
#0 C:\xampp\htdocs\stefany\app\Controllers\Home.php(54): view('jadwal', NULL)
#1 C:\xampp\htdocs\stefany\system\CodeIgniter.php(832): App\Controllers\Home->jadwal()
#2 C:\xampp\htdocs\stefany\system\CodeIgniter.php(419): CodeIgniter\CodeIgniter->runController(Object(App\Controllers\Home))
#3 C:\xampp\htdocs\stefany\system\CodeIgniter.php(326): CodeIgniter\CodeIgniter->handleRequest(NULL, Object(Config\Cache), false)
#4 C:\xampp\htdocs\stefany\public\index.php(37): CodeIgniter\CodeIgniter->run()
#5 C:\xampp\htdocs\stefany\system\Commands\Server\rewrite.php(43): require_once('C:\\xampp\\htdocs...')
#6 {main}
CRITICAL - 2023-07-20 00:54:05 --> syntax error, unexpected end of file, expecting function (T_FUNCTION) or const (T_CONST)
#0 C:\xampp\htdocs\stefany\system\Router\Router.php(175): CodeIgniter\Router\Router->autoRoute('home/jadwal')
#1 C:\xampp\htdocs\stefany\system\CodeIgniter.php(726): CodeIgniter\Router\Router->handle('home/jadwal')
#2 C:\xampp\htdocs\stefany\system\CodeIgniter.php(368): CodeIgniter\CodeIgniter->tryToRouteIt(Object(CodeIgniter\Router\RouteCollection))
#3 C:\xampp\htdocs\stefany\system\CodeIgniter.php(326): CodeIgniter\CodeIgniter->handleRequest(NULL, Object(Config\Cache), false)
#4 C:\xampp\htdocs\stefany\public\index.php(37): CodeIgniter\CodeIgniter->run()
#5 C:\xampp\htdocs\stefany\system\Commands\Server\rewrite.php(43): require_once('C:\\xampp\\htdocs...')
#6 {main}
CRITICAL - 2023-07-20 01:05:22 --> You must set the database table to be used with your query.
#0 C:\xampp\htdocs\stefany\system\Model.php(545): CodeIgniter\Database\BaseConnection->table(NULL)
#1 C:\xampp\htdocs\stefany\system\Model.php(722): CodeIgniter\Model->builder()
#2 C:\xampp\htdocs\stefany\app\Controllers\Home.php(76): CodeIgniter\Model->__call('getWhere2', Array)
#3 C:\xampp\htdocs\stefany\system\CodeIgniter.php(832): App\Controllers\Home->aksi_login()
#4 C:\xampp\htdocs\stefany\system\CodeIgniter.php(419): CodeIgniter\CodeIgniter->runController(Object(App\Controllers\Home))
#5 C:\xampp\htdocs\stefany\system\CodeIgniter.php(326): CodeIgniter\CodeIgniter->handleRequest(NULL, Object(Config\Cache), false)
#6 C:\xampp\htdocs\stefany\public\index.php(37): CodeIgniter\CodeIgniter->run()
#7 C:\xampp\htdocs\stefany\system\Commands\Server\rewrite.php(43): require_once('C:\\xampp\\htdocs...')
#8 {main}
CRITICAL - 2023-07-20 01:05:57 --> You must set the database table to be used with your query.
#0 C:\xampp\htdocs\stefany\system\Model.php(545): CodeIgniter\Database\BaseConnection->table(NULL)
#1 C:\xampp\htdocs\stefany\system\Model.php(722): CodeIgniter\Model->builder()
#2 C:\xampp\htdocs\stefany\app\Controllers\Home.php(76): CodeIgniter\Model->__call('getWhere2', Array)
#3 C:\xampp\htdocs\stefany\system\CodeIgniter.php(832): App\Controllers\Home->aksi_login()
#4 C:\xampp\htdocs\stefany\system\CodeIgniter.php(419): CodeIgniter\CodeIgniter->runController(Object(App\Controllers\Home))
#5 C:\xampp\htdocs\stefany\system\CodeIgniter.php(326): CodeIgniter\CodeIgniter->handleRequest(NULL, Object(Config\Cache), false)
#6 C:\xampp\htdocs\stefany\public\index.php(37): CodeIgniter\CodeIgniter->run()
#7 C:\xampp\htdocs\stefany\system\Commands\Server\rewrite.php(43): require_once('C:\\xampp\\htdocs...')
#8 {main}
CRITICAL - 2023-07-20 01:07:38 --> You must set the database table to be used with your query.
#0 C:\xampp\htdocs\stefany\system\Model.php(545): CodeIgniter\Database\BaseConnection->table(NULL)
#1 C:\xampp\htdocs\stefany\system\Model.php(722): CodeIgniter\Model->builder()
#2 C:\xampp\htdocs\stefany\app\Controllers\Home.php(76): CodeIgniter\Model->__call('getWhere2', Array)
#3 C:\xampp\htdocs\stefany\system\CodeIgniter.php(832): App\Controllers\Home->aksi_login()
#4 C:\xampp\htdocs\stefany\system\CodeIgniter.php(419): CodeIgniter\CodeIgniter->runController(Object(App\Controllers\Home))
#5 C:\xampp\htdocs\stefany\system\CodeIgniter.php(326): CodeIgniter\CodeIgniter->handleRequest(NULL, Object(Config\Cache), false)
#6 C:\xampp\htdocs\stefany\public\index.php(37): CodeIgniter\CodeIgniter->run()
#7 C:\xampp\htdocs\stefany\system\Commands\Server\rewrite.php(43): require_once('C:\\xampp\\htdocs...')
#8 {main}
CRITICAL - 2023-07-20 01:10:26 --> syntax error, unexpected end of file, expecting function (T_FUNCTION) or const (T_CONST)
#0 C:\xampp\htdocs\stefany\system\Autoloader\Autoloader.php(241): CodeIgniter\Autoloader\Autoloader->includeFile('C:\\xampp\\htdocs...')
#1 C:\xampp\htdocs\stefany\system\Autoloader\Autoloader.php(219): CodeIgniter\Autoloader\Autoloader->loadInNamespace('App\\Models\\M_mo...')
#2 [internal function]: CodeIgniter\Autoloader\Autoloader->loadClass('App\\Models\\M_mo...')
#3 C:\xampp\htdocs\stefany\app\Controllers\Home.php(71): spl_autoload_call('App\\Models\\M_mo...')
#4 C:\xampp\htdocs\stefany\system\CodeIgniter.php(832): App\Controllers\Home->aksi_login()
#5 C:\xampp\htdocs\stefany\system\CodeIgniter.php(419): CodeIgniter\CodeIgniter->runController(Object(App\Controllers\Home))
#6 C:\xampp\htdocs\stefany\system\CodeIgniter.php(326): CodeIgniter\CodeIgniter->handleRequest(NULL, Object(Config\Cache), false)
#7 C:\xampp\htdocs\stefany\public\index.php(37): CodeIgniter\CodeIgniter->run()
#8 C:\xampp\htdocs\stefany\system\Commands\Server\rewrite.php(43): require_once('C:\\xampp\\htdocs...')
#9 {main}
CRITICAL - 2023-07-20 01:18:43 --> You must set the database table to be used with your query.
#0 C:\xampp\htdocs\stefany\system\Model.php(545): CodeIgniter\Database\BaseConnection->table(NULL)
#1 C:\xampp\htdocs\stefany\system\Model.php(722): CodeIgniter\Model->builder()
#2 C:\xampp\htdocs\stefany\app\Controllers\Home.php(76): CodeIgniter\Model->__call('getwhere2', Array)
#3 C:\xampp\htdocs\stefany\system\CodeIgniter.php(832): App\Controllers\Home->aksi_login()
#4 C:\xampp\htdocs\stefany\system\CodeIgniter.php(419): CodeIgniter\CodeIgniter->runController(Object(App\Controllers\Home))
#5 C:\xampp\htdocs\stefany\system\CodeIgniter.php(326): CodeIgniter\CodeIgniter->handleRequest(NULL, Object(Config\Cache), false)
#6 C:\xampp\htdocs\stefany\public\index.php(37): CodeIgniter\CodeIgniter->run()
#7 C:\xampp\htdocs\stefany\system\Commands\Server\rewrite.php(43): require_once('C:\\xampp\\htdocs...')
#8 {main}
CRITICAL - 2023-07-20 01:20:57 --> You must set the database table to be used with your query.
#0 C:\xampp\htdocs\stefany\system\Model.php(545): CodeIgniter\Database\BaseConnection->table(NULL)
#1 C:\xampp\htdocs\stefany\system\Model.php(722): CodeIgniter\Model->builder()
#2 C:\xampp\htdocs\stefany\app\Controllers\Home.php(76): CodeIgniter\Model->__call('getwhere2', Array)
#3 C:\xampp\htdocs\stefany\system\CodeIgniter.php(832): App\Controllers\Home->aksi_login()
#4 C:\xampp\htdocs\stefany\system\CodeIgniter.php(419): CodeIgniter\CodeIgniter->runController(Object(App\Controllers\Home))
#5 C:\xampp\htdocs\stefany\system\CodeIgniter.php(326): CodeIgniter\CodeIgniter->handleRequest(NULL, Object(Config\Cache), false)
#6 C:\xampp\htdocs\stefany\public\index.php(37): CodeIgniter\CodeIgniter->run()
#7 C:\xampp\htdocs\stefany\system\Commands\Server\rewrite.php(43): require_once('C:\\xampp\\htdocs...')
#8 {main}
CRITICAL - 2023-07-20 01:22:27 --> You must set the database table to be used with your query.
#0 C:\xampp\htdocs\stefany\system\Model.php(545): CodeIgniter\Database\BaseConnection->table(NULL)
#1 C:\xampp\htdocs\stefany\system\Model.php(722): CodeIgniter\Model->builder()
#2 C:\xampp\htdocs\stefany\app\Controllers\Home.php(76): CodeIgniter\Model->__call('getwhere2', Array)
#3 C:\xampp\htdocs\stefany\system\CodeIgniter.php(832): App\Controllers\Home->aksi_login()
#4 C:\xampp\htdocs\stefany\system\CodeIgniter.php(419): CodeIgniter\CodeIgniter->runController(Object(App\Controllers\Home))
#5 C:\xampp\htdocs\stefany\system\CodeIgniter.php(326): CodeIgniter\CodeIgniter->handleRequest(NULL, Object(Config\Cache), false)
#6 C:\xampp\htdocs\stefany\public\index.php(37): CodeIgniter\CodeIgniter->run()
#7 C:\xampp\htdocs\stefany\system\Commands\Server\rewrite.php(43): require_once('C:\\xampp\\htdocs...')
#8 {main}
CRITICAL - 2023-07-20 01:24:15 --> You must set the database table to be used with your query.
#0 C:\xampp\htdocs\stefany\system\Model.php(545): CodeIgniter\Database\BaseConnection->table(NULL)
#1 C:\xampp\htdocs\stefany\system\Model.php(722): CodeIgniter\Model->builder()
#2 C:\xampp\htdocs\stefany\app\Controllers\Home.php(76): CodeIgniter\Model->__call('getwhere2', Array)
#3 C:\xampp\htdocs\stefany\system\CodeIgniter.php(832): App\Controllers\Home->aksi_login()
#4 C:\xampp\htdocs\stefany\system\CodeIgniter.php(419): CodeIgniter\CodeIgniter->runController(Object(App\Controllers\Home))
#5 C:\xampp\htdocs\stefany\system\CodeIgniter.php(326): CodeIgniter\CodeIgniter->handleRequest(NULL, Object(Config\Cache), false)
#6 C:\xampp\htdocs\stefany\public\index.php(37): CodeIgniter\CodeIgniter->run()
#7 C:\xampp\htdocs\stefany\system\Commands\Server\rewrite.php(43): require_once('C:\\xampp\\htdocs...')
#8 {main}
CRITICAL - 2023-07-20 03:12:53 --> syntax error, unexpected 'public' (T_PUBLIC)
#0 C:\xampp\htdocs\stefany\system\Router\Router.php(175): CodeIgniter\Router\Router->autoRoute('home/dashboard')
#1 C:\xampp\htdocs\stefany\system\CodeIgniter.php(726): CodeIgniter\Router\Router->handle('home/dashboard')
#2 C:\xampp\htdocs\stefany\system\CodeIgniter.php(368): CodeIgniter\CodeIgniter->tryToRouteIt(Object(CodeIgniter\Router\RouteCollection))
#3 C:\xampp\htdocs\stefany\system\CodeIgniter.php(326): CodeIgniter\CodeIgniter->handleRequest(NULL, Object(Config\Cache), false)
#4 C:\xampp\htdocs\stefany\public\index.php(37): CodeIgniter\CodeIgniter->run()
#5 C:\xampp\htdocs\stefany\system\Commands\Server\rewrite.php(43): require_once('C:\\xampp\\htdocs...')
#6 {main}
