CRITICAL - 2023-07-27 01:31:07 --> Invalid argument supplied for foreach()
#0 C:\xampp\htdocs\stefany\app\Views\pengguna.php(25): CodeIgniter\Debug\Exceptions->errorHandler(2, 'Invalid argumen...', 'C:\\xampp\\htdocs...', 25, Array)
#1 C:\xampp\htdocs\stefany\system\View\View.php(210): include('C:\\xampp\\htdocs...')
#2 C:\xampp\htdocs\stefany\system\View\View.php(213): CodeIgniter\View\View->CodeIgniter\View\{closure}()
#3 C:\xampp\htdocs\stefany\system\Common.php(1089): CodeIgniter\View\View->render('pengguna', Array, true)
#4 C:\xampp\htdocs\stefany\app\Controllers\Home.php(66): view('pengguna', Array)
#5 C:\xampp\htdocs\stefany\system\CodeIgniter.php(832): App\Controllers\Home->pengguna()
#6 C:\xampp\htdocs\stefany\system\CodeIgniter.php(419): CodeIgniter\CodeIgniter->runController(Object(App\Controllers\Home))
#7 C:\xampp\htdocs\stefany\system\CodeIgniter.php(326): CodeIgniter\CodeIgniter->handleRequest(NULL, Object(Config\Cache), false)
#8 C:\xampp\htdocs\stefany\public\index.php(37): CodeIgniter\CodeIgniter->run()
#9 C:\xampp\htdocs\stefany\system\Commands\Server\rewrite.php(43): require_once('C:\\xampp\\htdocs...')
#10 {main}
CRITICAL - 2023-07-27 01:31:37 --> syntax error, unexpected '}', expecting end of file
#0 C:\xampp\htdocs\stefany\system\View\View.php(213): CodeIgniter\View\View->CodeIgniter\View\{closure}()
#1 C:\xampp\htdocs\stefany\system\Common.php(1089): CodeIgniter\View\View->render('pengguna', Array, true)
#2 C:\xampp\htdocs\stefany\app\Controllers\Home.php(66): view('pengguna', Array)
#3 C:\xampp\htdocs\stefany\system\CodeIgniter.php(832): App\Controllers\Home->pengguna()
#4 C:\xampp\htdocs\stefany\system\CodeIgniter.php(419): CodeIgniter\CodeIgniter->runController(Object(App\Controllers\Home))
#5 C:\xampp\htdocs\stefany\system\CodeIgniter.php(326): CodeIgniter\CodeIgniter->handleRequest(NULL, Object(Config\Cache), false)
#6 C:\xampp\htdocs\stefany\public\index.php(37): CodeIgniter\CodeIgniter->run()
#7 C:\xampp\htdocs\stefany\system\Commands\Server\rewrite.php(43): require_once('C:\\xampp\\htdocs...')
#8 {main}
CRITICAL - 2023-07-27 01:31:52 --> syntax error, unexpected '}', expecting end of file
#0 C:\xampp\htdocs\stefany\system\View\View.php(213): CodeIgniter\View\View->CodeIgniter\View\{closure}()
#1 C:\xampp\htdocs\stefany\system\Common.php(1089): CodeIgniter\View\View->render('pengguna', Array, true)
#2 C:\xampp\htdocs\stefany\app\Controllers\Home.php(66): view('pengguna', Array)
#3 C:\xampp\htdocs\stefany\system\CodeIgniter.php(832): App\Controllers\Home->pengguna()
#4 C:\xampp\htdocs\stefany\system\CodeIgniter.php(419): CodeIgniter\CodeIgniter->runController(Object(App\Controllers\Home))
#5 C:\xampp\htdocs\stefany\system\CodeIgniter.php(326): CodeIgniter\CodeIgniter->handleRequest(NULL, Object(Config\Cache), false)
#6 C:\xampp\htdocs\stefany\public\index.php(37): CodeIgniter\CodeIgniter->run()
#7 C:\xampp\htdocs\stefany\system\Commands\Server\rewrite.php(43): require_once('C:\\xampp\\htdocs...')
#8 {main}
CRITICAL - 2023-07-27 01:33:00 --> syntax error, unexpected '}', expecting end of file
#0 C:\xampp\htdocs\stefany\system\View\View.php(213): CodeIgniter\View\View->CodeIgniter\View\{closure}()
#1 C:\xampp\htdocs\stefany\system\Common.php(1089): CodeIgniter\View\View->render('pengguna', Array, true)
#2 C:\xampp\htdocs\stefany\app\Controllers\Home.php(66): view('pengguna', Array)
#3 C:\xampp\htdocs\stefany\system\CodeIgniter.php(832): App\Controllers\Home->pengguna()
#4 C:\xampp\htdocs\stefany\system\CodeIgniter.php(419): CodeIgniter\CodeIgniter->runController(Object(App\Controllers\Home))
#5 C:\xampp\htdocs\stefany\system\CodeIgniter.php(326): CodeIgniter\CodeIgniter->handleRequest(NULL, Object(Config\Cache), false)
#6 C:\xampp\htdocs\stefany\public\index.php(37): CodeIgniter\CodeIgniter->run()
#7 C:\xampp\htdocs\stefany\system\Commands\Server\rewrite.php(43): require_once('C:\\xampp\\htdocs...')
#8 {main}
CRITICAL - 2023-07-27 01:33:11 --> Invalid argument supplied for foreach()
#0 C:\xampp\htdocs\stefany\app\Views\pengguna.php(81): CodeIgniter\Debug\Exceptions->errorHandler(2, 'Invalid argumen...', 'C:\\xampp\\htdocs...', 81, Array)
#1 C:\xampp\htdocs\stefany\system\View\View.php(210): include('C:\\xampp\\htdocs...')
#2 C:\xampp\htdocs\stefany\system\View\View.php(213): CodeIgniter\View\View->CodeIgniter\View\{closure}()
#3 C:\xampp\htdocs\stefany\system\Common.php(1089): CodeIgniter\View\View->render('pengguna', Array, true)
#4 C:\xampp\htdocs\stefany\app\Controllers\Home.php(66): view('pengguna', Array)
#5 C:\xampp\htdocs\stefany\system\CodeIgniter.php(832): App\Controllers\Home->pengguna()
#6 C:\xampp\htdocs\stefany\system\CodeIgniter.php(419): CodeIgniter\CodeIgniter->runController(Object(App\Controllers\Home))
#7 C:\xampp\htdocs\stefany\system\CodeIgniter.php(326): CodeIgniter\CodeIgniter->handleRequest(NULL, Object(Config\Cache), false)
#8 C:\xampp\htdocs\stefany\public\index.php(37): CodeIgniter\CodeIgniter->run()
#9 C:\xampp\htdocs\stefany\system\Commands\Server\rewrite.php(43): require_once('C:\\xampp\\htdocs...')
#10 {main}
CRITICAL - 2023-07-27 01:33:24 --> Invalid argument supplied for foreach()
#0 C:\xampp\htdocs\stefany\app\Views\pengguna.php(81): CodeIgniter\Debug\Exceptions->errorHandler(2, 'Invalid argumen...', 'C:\\xampp\\htdocs...', 81, Array)
#1 C:\xampp\htdocs\stefany\system\View\View.php(210): include('C:\\xampp\\htdocs...')
#2 C:\xampp\htdocs\stefany\system\View\View.php(213): CodeIgniter\View\View->CodeIgniter\View\{closure}()
#3 C:\xampp\htdocs\stefany\system\Common.php(1089): CodeIgniter\View\View->render('pengguna', Array, true)
#4 C:\xampp\htdocs\stefany\app\Controllers\Home.php(66): view('pengguna', Array)
#5 C:\xampp\htdocs\stefany\system\CodeIgniter.php(832): App\Controllers\Home->pengguna()
#6 C:\xampp\htdocs\stefany\system\CodeIgniter.php(419): CodeIgniter\CodeIgniter->runController(Object(App\Controllers\Home))
#7 C:\xampp\htdocs\stefany\system\CodeIgniter.php(326): CodeIgniter\CodeIgniter->handleRequest(NULL, Object(Config\Cache), false)
#8 C:\xampp\htdocs\stefany\public\index.php(37): CodeIgniter\CodeIgniter->run()
#9 C:\xampp\htdocs\stefany\system\Commands\Server\rewrite.php(43): require_once('C:\\xampp\\htdocs...')
#10 {main}
CRITICAL - 2023-07-27 01:34:22 --> Invalid argument supplied for foreach()
#0 C:\xampp\htdocs\stefany\app\Views\pengguna.php(82): CodeIgniter\Debug\Exceptions->errorHandler(2, 'Invalid argumen...', 'C:\\xampp\\htdocs...', 82, Array)
#1 C:\xampp\htdocs\stefany\system\View\View.php(210): include('C:\\xampp\\htdocs...')
#2 C:\xampp\htdocs\stefany\system\View\View.php(213): CodeIgniter\View\View->CodeIgniter\View\{closure}()
#3 C:\xampp\htdocs\stefany\system\Common.php(1089): CodeIgniter\View\View->render('pengguna', Array, true)
#4 C:\xampp\htdocs\stefany\app\Controllers\Home.php(66): view('pengguna', Array)
#5 C:\xampp\htdocs\stefany\system\CodeIgniter.php(832): App\Controllers\Home->pengguna()
#6 C:\xampp\htdocs\stefany\system\CodeIgniter.php(419): CodeIgniter\CodeIgniter->runController(Object(App\Controllers\Home))
#7 C:\xampp\htdocs\stefany\system\CodeIgniter.php(326): CodeIgniter\CodeIgniter->handleRequest(NULL, Object(Config\Cache), false)
#8 C:\xampp\htdocs\stefany\public\index.php(37): CodeIgniter\CodeIgniter->run()
#9 C:\xampp\htdocs\stefany\system\Commands\Server\rewrite.php(43): require_once('C:\\xampp\\htdocs...')
#10 {main}
CRITICAL - 2023-07-27 01:34:49 --> Invalid argument supplied for foreach()
#0 C:\xampp\htdocs\stefany\app\Views\pengguna.php(82): CodeIgniter\Debug\Exceptions->errorHandler(2, 'Invalid argumen...', 'C:\\xampp\\htdocs...', 82, Array)
#1 C:\xampp\htdocs\stefany\system\View\View.php(210): include('C:\\xampp\\htdocs...')
#2 C:\xampp\htdocs\stefany\system\View\View.php(213): CodeIgniter\View\View->CodeIgniter\View\{closure}()
#3 C:\xampp\htdocs\stefany\system\Common.php(1089): CodeIgniter\View\View->render('pengguna', Array, true)
#4 C:\xampp\htdocs\stefany\app\Controllers\Home.php(66): view('pengguna', Array)
#5 C:\xampp\htdocs\stefany\system\CodeIgniter.php(832): App\Controllers\Home->pengguna()
#6 C:\xampp\htdocs\stefany\system\CodeIgniter.php(419): CodeIgniter\CodeIgniter->runController(Object(App\Controllers\Home))
#7 C:\xampp\htdocs\stefany\system\CodeIgniter.php(326): CodeIgniter\CodeIgniter->handleRequest(NULL, Object(Config\Cache), false)
#8 C:\xampp\htdocs\stefany\public\index.php(37): CodeIgniter\CodeIgniter->run()
#9 C:\xampp\htdocs\stefany\system\Commands\Server\rewrite.php(43): require_once('C:\\xampp\\htdocs...')
#10 {main}
CRITICAL - 2023-07-27 01:41:39 --> Call to a member function join5() on null
#0 C:\xampp\htdocs\stefany\system\CodeIgniter.php(832): App\Controllers\Home->jadwal()
#1 C:\xampp\htdocs\stefany\system\CodeIgniter.php(419): CodeIgniter\CodeIgniter->runController(Object(App\Controllers\Home))
#2 C:\xampp\htdocs\stefany\system\CodeIgniter.php(326): CodeIgniter\CodeIgniter->handleRequest(NULL, Object(Config\Cache), false)
#3 C:\xampp\htdocs\stefany\public\index.php(37): CodeIgniter\CodeIgniter->run()
#4 C:\xampp\htdocs\stefany\system\Commands\Server\rewrite.php(43): require_once('C:\\xampp\\htdocs...')
#5 {main}
CRITICAL - 2023-07-27 01:49:49 --> Call to a member function join5() on null
#0 C:\xampp\htdocs\stefany\system\CodeIgniter.php(832): App\Controllers\Home->jadwal()
#1 C:\xampp\htdocs\stefany\system\CodeIgniter.php(419): CodeIgniter\CodeIgniter->runController(Object(App\Controllers\Home))
#2 C:\xampp\htdocs\stefany\system\CodeIgniter.php(326): CodeIgniter\CodeIgniter->handleRequest(NULL, Object(Config\Cache), false)
#3 C:\xampp\htdocs\stefany\public\index.php(37): CodeIgniter\CodeIgniter->run()
#4 C:\xampp\htdocs\stefany\system\Commands\Server\rewrite.php(43): require_once('C:\\xampp\\htdocs...')
#5 {main}
CRITICAL - 2023-07-27 01:51:14 --> Too few arguments to function App\Models\M_model::join5(), 9 passed in C:\xampp\htdocs\stefany\app\Controllers\Home.php on line 173 and exactly 10 expected
#0 C:\xampp\htdocs\stefany\app\Controllers\Home.php(173): App\Models\M_model->join5('jadwal', 'kelas', 'lab', 'blok', 'pelajaran', 'jadwal.id_kelas...', 'jadwal.id_lab=l...', 'jadwal.id_blok=...', 'jadwal.id_pelaj...')
#1 C:\xampp\htdocs\stefany\system\CodeIgniter.php(832): App\Controllers\Home->jadwal()
#2 C:\xampp\htdocs\stefany\system\CodeIgniter.php(419): CodeIgniter\CodeIgniter->runController(Object(App\Controllers\Home))
#3 C:\xampp\htdocs\stefany\system\CodeIgniter.php(326): CodeIgniter\CodeIgniter->handleRequest(NULL, Object(Config\Cache), false)
#4 C:\xampp\htdocs\stefany\public\index.php(37): CodeIgniter\CodeIgniter->run()
#5 C:\xampp\htdocs\stefany\system\Commands\Server\rewrite.php(43): require_once('C:\\xampp\\htdocs...')
#6 {main}
CRITICAL - 2023-07-27 01:51:50 --> Argument 2 passed to CodeIgniter\Database\BaseBuilder::join() must be of the type string, null given, called in C:\xampp\htdocs\stefany\app\Models\M_model.php on line 36
#0 C:\xampp\htdocs\stefany\app\Models\M_model.php(36): CodeIgniter\Database\BaseBuilder->join('kelas', NULL)
#1 C:\xampp\htdocs\stefany\app\Controllers\Home.php(173): App\Models\M_model->join5('jadwal', 'kelas', 'lab', 'blok', 'pelajaran', 'jadwal.id_kelas...', 'jadwal.id_lab=l...', 'jadwal.id_blok=...', 'jadwal.id_pelaj...')
#2 C:\xampp\htdocs\stefany\system\CodeIgniter.php(832): App\Controllers\Home->jadwal()
#3 C:\xampp\htdocs\stefany\system\CodeIgniter.php(419): CodeIgniter\CodeIgniter->runController(Object(App\Controllers\Home))
#4 C:\xampp\htdocs\stefany\system\CodeIgniter.php(326): CodeIgniter\CodeIgniter->handleRequest(NULL, Object(Config\Cache), false)
#5 C:\xampp\htdocs\stefany\public\index.php(37): CodeIgniter\CodeIgniter->run()
#6 C:\xampp\htdocs\stefany\system\Commands\Server\rewrite.php(43): require_once('C:\\xampp\\htdocs...')
#7 {main}
