CRITICAL - 2023-07-29 04:13:28 --> Too few arguments to function App\Controllers\Home::edit_pengguna(), 0 passed in C:\xampp\htdocs\stefany\system\CodeIgniter.php on line 832 and exactly 1 expected
#0 C:\xampp\htdocs\stefany\system\CodeIgniter.php(832): App\Controllers\Home->edit_pengguna()
#1 C:\xampp\htdocs\stefany\system\CodeIgniter.php(419): CodeIgniter\CodeIgniter->runController(Object(App\Controllers\Home))
#2 C:\xampp\htdocs\stefany\system\CodeIgniter.php(326): CodeIgniter\CodeIgniter->handleRequest(NULL, Object(Config\Cache), false)
#3 C:\xampp\htdocs\stefany\public\index.php(37): CodeIgniter\CodeIgniter->run()
#4 C:\xampp\htdocs\stefany\system\Commands\Server\rewrite.php(43): require_once('C:\\xampp\\htdocs...')
#5 {main}
CRITICAL - 2023-07-29 04:14:09 --> syntax error, unexpected 'else' (T_ELSE), expecting function (T_FUNCTION) or const (T_CONST)
#0 C:\xampp\htdocs\stefany\system\Router\Router.php(175): CodeIgniter\Router\Router->autoRoute('home/edit_pengg...')
#1 C:\xampp\htdocs\stefany\system\CodeIgniter.php(726): CodeIgniter\Router\Router->handle('home/edit_pengg...')
#2 C:\xampp\htdocs\stefany\system\CodeIgniter.php(368): CodeIgniter\CodeIgniter->tryToRouteIt(Object(CodeIgniter\Router\RouteCollection))
#3 C:\xampp\htdocs\stefany\system\CodeIgniter.php(326): CodeIgniter\CodeIgniter->handleRequest(NULL, Object(Config\Cache), false)
#4 C:\xampp\htdocs\stefany\public\index.php(37): CodeIgniter\CodeIgniter->run()
#5 C:\xampp\htdocs\stefany\system\Commands\Server\rewrite.php(43): require_once('C:\\xampp\\htdocs...')
#6 {main}
CRITICAL - 2023-07-29 04:14:19 --> Too few arguments to function App\Controllers\Home::edit_pengguna(), 0 passed in C:\xampp\htdocs\stefany\system\CodeIgniter.php on line 832 and exactly 1 expected
#0 C:\xampp\htdocs\stefany\system\CodeIgniter.php(832): App\Controllers\Home->edit_pengguna()
#1 C:\xampp\htdocs\stefany\system\CodeIgniter.php(419): CodeIgniter\CodeIgniter->runController(Object(App\Controllers\Home))
#2 C:\xampp\htdocs\stefany\system\CodeIgniter.php(326): CodeIgniter\CodeIgniter->handleRequest(NULL, Object(Config\Cache), false)
#3 C:\xampp\htdocs\stefany\public\index.php(37): CodeIgniter\CodeIgniter->run()
#4 C:\xampp\htdocs\stefany\system\Commands\Server\rewrite.php(43): require_once('C:\\xampp\\htdocs...')
#5 {main}
CRITICAL - 2023-07-29 04:14:54 --> Too few arguments to function App\Controllers\Home::edit_pengguna(), 0 passed in C:\xampp\htdocs\stefany\system\CodeIgniter.php on line 832 and exactly 1 expected
#0 C:\xampp\htdocs\stefany\system\CodeIgniter.php(832): App\Controllers\Home->edit_pengguna()
#1 C:\xampp\htdocs\stefany\system\CodeIgniter.php(419): CodeIgniter\CodeIgniter->runController(Object(App\Controllers\Home))
#2 C:\xampp\htdocs\stefany\system\CodeIgniter.php(326): CodeIgniter\CodeIgniter->handleRequest(NULL, Object(Config\Cache), false)
#3 C:\xampp\htdocs\stefany\public\index.php(37): CodeIgniter\CodeIgniter->run()
#4 C:\xampp\htdocs\stefany\system\Commands\Server\rewrite.php(43): require_once('C:\\xampp\\htdocs...')
#5 {main}
CRITICAL - 2023-07-29 04:22:21 --> Call to undefined method App\Models\M_model::ultraRows
#0 C:\xampp\htdocs\stefany\app\Controllers\Home.php(195): CodeIgniter\Model->__call('ultraRows', Array)
#1 C:\xampp\htdocs\stefany\system\CodeIgniter.php(832): App\Controllers\Home->edit_pengguna('6')
#2 C:\xampp\htdocs\stefany\system\CodeIgniter.php(419): CodeIgniter\CodeIgniter->runController(Object(App\Controllers\Home))
#3 C:\xampp\htdocs\stefany\system\CodeIgniter.php(326): CodeIgniter\CodeIgniter->handleRequest(NULL, Object(Config\Cache), false)
#4 C:\xampp\htdocs\stefany\public\index.php(37): CodeIgniter\CodeIgniter->run()
#5 C:\xampp\htdocs\stefany\system\Commands\Server\rewrite.php(43): require_once('C:\\xampp\\htdocs...')
#6 {main}
ERROR - 2023-07-29 23:20:00 --> Unknown column 'user' in 'where clause'
CRITICAL - 2023-07-29 23:20:01 --> Call to a member function getRow() on bool
#0 C:\xampp\htdocs\stefany\app\Controllers\Home.php(195): App\Models\M_model->getWhere('pengguna', 'user', 'kelas', 'pengguna.id_use...', 'pengguna.id_kel...', Array)
#1 C:\xampp\htdocs\stefany\system\CodeIgniter.php(832): App\Controllers\Home->edit_pengguna('6')
#2 C:\xampp\htdocs\stefany\system\CodeIgniter.php(419): CodeIgniter\CodeIgniter->runController(Object(App\Controllers\Home))
#3 C:\xampp\htdocs\stefany\system\CodeIgniter.php(326): CodeIgniter\CodeIgniter->handleRequest(NULL, Object(Config\Cache), false)
#4 C:\xampp\htdocs\stefany\public\index.php(37): CodeIgniter\CodeIgniter->run()
#5 C:\xampp\htdocs\stefany\system\Commands\Server\rewrite.php(43): require_once('C:\\xampp\\htdocs...')
#6 {main}
CRITICAL - 2023-07-29 23:20:43 --> Call to undefined method App\Models\M_model::ultraRows
#0 C:\xampp\htdocs\stefany\app\Controllers\Home.php(195): CodeIgniter\Model->__call('ultraRows', Array)
#1 C:\xampp\htdocs\stefany\system\CodeIgniter.php(832): App\Controllers\Home->edit_pengguna('6')
#2 C:\xampp\htdocs\stefany\system\CodeIgniter.php(419): CodeIgniter\CodeIgniter->runController(Object(App\Controllers\Home))
#3 C:\xampp\htdocs\stefany\system\CodeIgniter.php(326): CodeIgniter\CodeIgniter->handleRequest(NULL, Object(Config\Cache), false)
#4 C:\xampp\htdocs\stefany\public\index.php(37): CodeIgniter\CodeIgniter->run()
#5 C:\xampp\htdocs\stefany\system\Commands\Server\rewrite.php(43): require_once('C:\\xampp\\htdocs...')
#6 {main}
CRITICAL - 2023-07-29 23:20:52 --> Call to undefined method App\Models\M_model::ultraRows
#0 C:\xampp\htdocs\stefany\app\Controllers\Home.php(195): CodeIgniter\Model->__call('ultraRows', Array)
#1 C:\xampp\htdocs\stefany\system\CodeIgniter.php(832): App\Controllers\Home->edit_pengguna('6')
#2 C:\xampp\htdocs\stefany\system\CodeIgniter.php(419): CodeIgniter\CodeIgniter->runController(Object(App\Controllers\Home))
#3 C:\xampp\htdocs\stefany\system\CodeIgniter.php(326): CodeIgniter\CodeIgniter->handleRequest(NULL, Object(Config\Cache), false)
#4 C:\xampp\htdocs\stefany\public\index.php(37): CodeIgniter\CodeIgniter->run()
#5 C:\xampp\htdocs\stefany\system\Commands\Server\rewrite.php(43): require_once('C:\\xampp\\htdocs...')
#6 {main}
CRITICAL - 2023-07-29 23:21:09 --> Call to undefined method App\Models\M_model::ultraRows
#0 C:\xampp\htdocs\stefany\app\Controllers\Home.php(195): CodeIgniter\Model->__call('ultraRows', Array)
#1 C:\xampp\htdocs\stefany\system\CodeIgniter.php(832): App\Controllers\Home->edit_pengguna('6')
#2 C:\xampp\htdocs\stefany\system\CodeIgniter.php(419): CodeIgniter\CodeIgniter->runController(Object(App\Controllers\Home))
#3 C:\xampp\htdocs\stefany\system\CodeIgniter.php(326): CodeIgniter\CodeIgniter->handleRequest(NULL, Object(Config\Cache), false)
#4 C:\xampp\htdocs\stefany\public\index.php(37): CodeIgniter\CodeIgniter->run()
#5 C:\xampp\htdocs\stefany\system\Commands\Server\rewrite.php(43): require_once('C:\\xampp\\htdocs...')
#6 {main}
CRITICAL - 2023-07-29 23:26:53 --> Call to undefined method App\Models\M_model::ultraRows
#0 C:\xampp\htdocs\stefany\app\Controllers\Home.php(195): CodeIgniter\Model->__call('ultraRows', Array)
#1 C:\xampp\htdocs\stefany\system\CodeIgniter.php(832): App\Controllers\Home->edit_pengguna('6')
#2 C:\xampp\htdocs\stefany\system\CodeIgniter.php(419): CodeIgniter\CodeIgniter->runController(Object(App\Controllers\Home))
#3 C:\xampp\htdocs\stefany\system\CodeIgniter.php(326): CodeIgniter\CodeIgniter->handleRequest(NULL, Object(Config\Cache), false)
#4 C:\xampp\htdocs\stefany\public\index.php(37): CodeIgniter\CodeIgniter->run()
#5 C:\xampp\htdocs\stefany\system\Commands\Server\rewrite.php(43): require_once('C:\\xampp\\htdocs...')
#6 {main}
CRITICAL - 2023-07-29 23:26:58 --> Too few arguments to function App\Controllers\Home::edit_pengguna(), 0 passed in C:\xampp\htdocs\stefany\system\CodeIgniter.php on line 832 and exactly 1 expected
#0 C:\xampp\htdocs\stefany\system\CodeIgniter.php(832): App\Controllers\Home->edit_pengguna()
#1 C:\xampp\htdocs\stefany\system\CodeIgniter.php(419): CodeIgniter\CodeIgniter->runController(Object(App\Controllers\Home))
#2 C:\xampp\htdocs\stefany\system\CodeIgniter.php(326): CodeIgniter\CodeIgniter->handleRequest(NULL, Object(Config\Cache), false)
#3 C:\xampp\htdocs\stefany\public\index.php(37): CodeIgniter\CodeIgniter->run()
#4 C:\xampp\htdocs\stefany\system\Commands\Server\rewrite.php(43): require_once('C:\\xampp\\htdocs...')
#5 {main}
CRITICAL - 2023-07-29 23:36:50 --> Too few arguments to function App\Controllers\Home::edit_pengguna(), 0 passed in C:\xampp\htdocs\stefany\system\CodeIgniter.php on line 832 and exactly 1 expected
#0 C:\xampp\htdocs\stefany\system\CodeIgniter.php(832): App\Controllers\Home->edit_pengguna()
#1 C:\xampp\htdocs\stefany\system\CodeIgniter.php(419): CodeIgniter\CodeIgniter->runController(Object(App\Controllers\Home))
#2 C:\xampp\htdocs\stefany\system\CodeIgniter.php(326): CodeIgniter\CodeIgniter->handleRequest(NULL, Object(Config\Cache), false)
#3 C:\xampp\htdocs\stefany\public\index.php(37): CodeIgniter\CodeIgniter->run()
#4 C:\xampp\htdocs\stefany\system\Commands\Server\rewrite.php(43): require_once('C:\\xampp\\htdocs...')
#5 {main}
CRITICAL - 2023-07-29 23:36:52 --> Call to undefined method App\Models\M_model::ultraRows
#0 C:\xampp\htdocs\stefany\app\Controllers\Home.php(195): CodeIgniter\Model->__call('ultraRows', Array)
#1 C:\xampp\htdocs\stefany\system\CodeIgniter.php(832): App\Controllers\Home->edit_pengguna('6')
#2 C:\xampp\htdocs\stefany\system\CodeIgniter.php(419): CodeIgniter\CodeIgniter->runController(Object(App\Controllers\Home))
#3 C:\xampp\htdocs\stefany\system\CodeIgniter.php(326): CodeIgniter\CodeIgniter->handleRequest(NULL, Object(Config\Cache), false)
#4 C:\xampp\htdocs\stefany\public\index.php(37): CodeIgniter\CodeIgniter->run()
#5 C:\xampp\htdocs\stefany\system\Commands\Server\rewrite.php(43): require_once('C:\\xampp\\htdocs...')
#6 {main}
CRITICAL - 2023-07-29 23:58:37 --> Call to undefined method App\Models\M_model::getRow
#0 C:\xampp\htdocs\stefany\app\Controllers\Home.php(462): CodeIgniter\Model->__call('getRow', Array)
#1 C:\xampp\htdocs\stefany\system\CodeIgniter.php(832): App\Controllers\Home->edit_lab('3')
#2 C:\xampp\htdocs\stefany\system\CodeIgniter.php(419): CodeIgniter\CodeIgniter->runController(Object(App\Controllers\Home))
#3 C:\xampp\htdocs\stefany\system\CodeIgniter.php(326): CodeIgniter\CodeIgniter->handleRequest(NULL, Object(Config\Cache), false)
#4 C:\xampp\htdocs\stefany\public\index.php(37): CodeIgniter\CodeIgniter->run()
#5 C:\xampp\htdocs\stefany\system\Commands\Server\rewrite.php(43): require_once('C:\\xampp\\htdocs...')
#6 {main}
CRITICAL - 2023-07-29 23:59:23 --> Call to undefined method App\Models\M_model::getRow
#0 C:\xampp\htdocs\stefany\app\Controllers\Home.php(462): CodeIgniter\Model->__call('getRow', Array)
#1 C:\xampp\htdocs\stefany\system\CodeIgniter.php(832): App\Controllers\Home->edit_lab('3')
#2 C:\xampp\htdocs\stefany\system\CodeIgniter.php(419): CodeIgniter\CodeIgniter->runController(Object(App\Controllers\Home))
#3 C:\xampp\htdocs\stefany\system\CodeIgniter.php(326): CodeIgniter\CodeIgniter->handleRequest(NULL, Object(Config\Cache), false)
#4 C:\xampp\htdocs\stefany\public\index.php(37): CodeIgniter\CodeIgniter->run()
#5 C:\xampp\htdocs\stefany\system\Commands\Server\rewrite.php(43): require_once('C:\\xampp\\htdocs...')
#6 {main}
