CRITICAL - 2023-07-24 00:00:18 --> Too few arguments to function App\Controllers\Home::edit_pengguna(), 0 passed in C:\xampp\htdocs\stefany\system\CodeIgniter.php on line 832 and exactly 1 expected
#0 C:\xampp\htdocs\stefany\system\CodeIgniter.php(832): App\Controllers\Home->edit_pengguna()
#1 C:\xampp\htdocs\stefany\system\CodeIgniter.php(419): CodeIgniter\CodeIgniter->runController(Object(App\Controllers\Home))
#2 C:\xampp\htdocs\stefany\system\CodeIgniter.php(326): CodeIgniter\CodeIgniter->handleRequest(NULL, Object(Config\Cache), false)
#3 C:\xampp\htdocs\stefany\public\index.php(37): CodeIgniter\CodeIgniter->run()
#4 C:\xampp\htdocs\stefany\system\Commands\Server\rewrite.php(43): require_once('C:\\xampp\\htdocs...')
#5 {main}
ERROR - 2023-07-24 00:10:53 --> Unknown column 'id_pengguna' in 'where clause'
ERROR - 2023-07-24 00:11:03 --> Unknown column 'id_pengguna' in 'where clause'
ERROR - 2023-07-24 00:11:12 --> Unknown column 'id_pengguna' in 'where clause'
ERROR - 2023-07-24 00:12:26 --> Unknown column 'id_pengguna' in 'where clause'
ERROR - 2023-07-24 00:12:57 --> Unknown column 'id_pengguna' in 'where clause'
CRITICAL - 2023-07-24 00:27:37 --> Cannot redeclare App\Controllers\Home::aksi_edit_kelas()
#0 [internal function]: CodeIgniter\Debug\Exceptions->shutdownHandler()
#1 {main}
CRITICAL - 2023-07-24 00:33:57 --> Invalid file: blok.php
#0 C:\xampp\htdocs\stefany\system\View\View.php(198): CodeIgniter\Exceptions\FrameworkException::forInvalidFile('blok.php')
#1 C:\xampp\htdocs\stefany\system\Common.php(1089): CodeIgniter\View\View->render('blok', Array, true)
#2 C:\xampp\htdocs\stefany\app\Controllers\Home.php(471): view('blok', Array)
#3 C:\xampp\htdocs\stefany\system\CodeIgniter.php(832): App\Controllers\Home->blok()
#4 C:\xampp\htdocs\stefany\system\CodeIgniter.php(419): CodeIgniter\CodeIgniter->runController(Object(App\Controllers\Home))
#5 C:\xampp\htdocs\stefany\system\CodeIgniter.php(326): CodeIgniter\CodeIgniter->handleRequest(NULL, Object(Config\Cache), false)
#6 C:\xampp\htdocs\stefany\public\index.php(37): CodeIgniter\CodeIgniter->run()
#7 C:\xampp\htdocs\stefany\system\Commands\Server\rewrite.php(43): require_once('C:\\xampp\\htdocs...')
#8 {main}
CRITICAL - 2023-07-24 01:22:44 --> syntax error, unexpected '('
#0 C:\xampp\htdocs\stefany\system\Router\Router.php(175): CodeIgniter\Router\Router->autoRoute('home/tambah_pen...')
#1 C:\xampp\htdocs\stefany\system\CodeIgniter.php(726): CodeIgniter\Router\Router->handle('home/tambah_pen...')
#2 C:\xampp\htdocs\stefany\system\CodeIgniter.php(368): CodeIgniter\CodeIgniter->tryToRouteIt(Object(CodeIgniter\Router\RouteCollection))
#3 C:\xampp\htdocs\stefany\system\CodeIgniter.php(326): CodeIgniter\CodeIgniter->handleRequest(NULL, Object(Config\Cache), false)
#4 C:\xampp\htdocs\stefany\public\index.php(37): CodeIgniter\CodeIgniter->run()
#5 C:\xampp\htdocs\stefany\system\Commands\Server\rewrite.php(43): require_once('C:\\xampp\\htdocs...')
#6 {main}
CRITICAL - 2023-07-24 01:23:15 --> Call to a member function join2() on null
#0 C:\xampp\htdocs\stefany\system\CodeIgniter.php(832): App\Controllers\Home->pengguna()
#1 C:\xampp\htdocs\stefany\system\CodeIgniter.php(419): CodeIgniter\CodeIgniter->runController(Object(App\Controllers\Home))
#2 C:\xampp\htdocs\stefany\system\CodeIgniter.php(326): CodeIgniter\CodeIgniter->handleRequest(NULL, Object(Config\Cache), false)
#3 C:\xampp\htdocs\stefany\public\index.php(37): CodeIgniter\CodeIgniter->run()
#4 C:\xampp\htdocs\stefany\system\Commands\Server\rewrite.php(43): require_once('C:\\xampp\\htdocs...')
#5 {main}
CRITICAL - 2023-07-24 01:23:27 --> Call to a member function join3() on null
#0 C:\xampp\htdocs\stefany\system\CodeIgniter.php(832): App\Controllers\Home->pengguna()
#1 C:\xampp\htdocs\stefany\system\CodeIgniter.php(419): CodeIgniter\CodeIgniter->runController(Object(App\Controllers\Home))
#2 C:\xampp\htdocs\stefany\system\CodeIgniter.php(326): CodeIgniter\CodeIgniter->handleRequest(NULL, Object(Config\Cache), false)
#3 C:\xampp\htdocs\stefany\public\index.php(37): CodeIgniter\CodeIgniter->run()
#4 C:\xampp\htdocs\stefany\system\Commands\Server\rewrite.php(43): require_once('C:\\xampp\\htdocs...')
#5 {main}
CRITICAL - 2023-07-24 01:24:47 --> syntax error, unexpected '->' (T_OBJECT_OPERATOR)
#0 C:\xampp\htdocs\stefany\system\Router\Router.php(175): CodeIgniter\Router\Router->autoRoute('home/pengguna')
#1 C:\xampp\htdocs\stefany\system\CodeIgniter.php(726): CodeIgniter\Router\Router->handle('home/pengguna')
#2 C:\xampp\htdocs\stefany\system\CodeIgniter.php(368): CodeIgniter\CodeIgniter->tryToRouteIt(Object(CodeIgniter\Router\RouteCollection))
#3 C:\xampp\htdocs\stefany\system\CodeIgniter.php(326): CodeIgniter\CodeIgniter->handleRequest(NULL, Object(Config\Cache), false)
#4 C:\xampp\htdocs\stefany\public\index.php(37): CodeIgniter\CodeIgniter->run()
#5 C:\xampp\htdocs\stefany\system\Commands\Server\rewrite.php(43): require_once('C:\\xampp\\htdocs...')
#6 {main}
CRITICAL - 2023-07-24 01:24:55 --> Argument 2 passed to view() must be of the type array, null given, called in C:\xampp\htdocs\stefany\app\Controllers\Home.php on line 64
#0 C:\xampp\htdocs\stefany\app\Controllers\Home.php(64): view('partial/header', NULL)
#1 C:\xampp\htdocs\stefany\system\CodeIgniter.php(832): App\Controllers\Home->pengguna()
#2 C:\xampp\htdocs\stefany\system\CodeIgniter.php(419): CodeIgniter\CodeIgniter->runController(Object(App\Controllers\Home))
#3 C:\xampp\htdocs\stefany\system\CodeIgniter.php(326): CodeIgniter\CodeIgniter->handleRequest(NULL, Object(Config\Cache), false)
#4 C:\xampp\htdocs\stefany\public\index.php(37): CodeIgniter\CodeIgniter->run()
#5 C:\xampp\htdocs\stefany\system\Commands\Server\rewrite.php(43): require_once('C:\\xampp\\htdocs...')
#6 {main}
CRITICAL - 2023-07-24 01:25:14 --> Call to a member function super() on null
#0 C:\xampp\htdocs\stefany\system\CodeIgniter.php(832): App\Controllers\Home->pengguna()
#1 C:\xampp\htdocs\stefany\system\CodeIgniter.php(419): CodeIgniter\CodeIgniter->runController(Object(App\Controllers\Home))
#2 C:\xampp\htdocs\stefany\system\CodeIgniter.php(326): CodeIgniter\CodeIgniter->handleRequest(NULL, Object(Config\Cache), false)
#3 C:\xampp\htdocs\stefany\public\index.php(37): CodeIgniter\CodeIgniter->run()
#4 C:\xampp\htdocs\stefany\system\Commands\Server\rewrite.php(43): require_once('C:\\xampp\\htdocs...')
#5 {main}
CRITICAL - 2023-07-24 01:25:29 --> Argument 2 passed to view() must be of the type array, null given, called in C:\xampp\htdocs\stefany\app\Controllers\Home.php on line 64
#0 C:\xampp\htdocs\stefany\app\Controllers\Home.php(64): view('partial/header', NULL)
#1 C:\xampp\htdocs\stefany\system\CodeIgniter.php(832): App\Controllers\Home->pengguna()
#2 C:\xampp\htdocs\stefany\system\CodeIgniter.php(419): CodeIgniter\CodeIgniter->runController(Object(App\Controllers\Home))
#3 C:\xampp\htdocs\stefany\system\CodeIgniter.php(326): CodeIgniter\CodeIgniter->handleRequest(NULL, Object(Config\Cache), false)
#4 C:\xampp\htdocs\stefany\public\index.php(37): CodeIgniter\CodeIgniter->run()
#5 C:\xampp\htdocs\stefany\system\Commands\Server\rewrite.php(43): require_once('C:\\xampp\\htdocs...')
#6 {main}
CRITICAL - 2023-07-24 01:27:22 --> Invalid file: partila/side_menu.php
#0 C:\xampp\htdocs\stefany\system\View\View.php(198): CodeIgniter\Exceptions\FrameworkException::forInvalidFile('partila/side_me...')
#1 C:\xampp\htdocs\stefany\system\Common.php(1089): CodeIgniter\View\View->render('partila/side_me...', Array, true)
#2 C:\xampp\htdocs\stefany\app\Controllers\Home.php(65): view('partila/side_me...')
#3 C:\xampp\htdocs\stefany\system\CodeIgniter.php(832): App\Controllers\Home->pengguna()
#4 C:\xampp\htdocs\stefany\system\CodeIgniter.php(419): CodeIgniter\CodeIgniter->runController(Object(App\Controllers\Home))
#5 C:\xampp\htdocs\stefany\system\CodeIgniter.php(326): CodeIgniter\CodeIgniter->handleRequest(NULL, Object(Config\Cache), false)
#6 C:\xampp\htdocs\stefany\public\index.php(37): CodeIgniter\CodeIgniter->run()
#7 C:\xampp\htdocs\stefany\system\Commands\Server\rewrite.php(43): require_once('C:\\xampp\\htdocs...')
#8 {main}
CRITICAL - 2023-07-24 01:29:53 --> syntax error, unexpected 'edit' (T_STRING), expecting ';' or ','
#0 C:\xampp\htdocs\stefany\system\View\View.php(213): CodeIgniter\View\View->CodeIgniter\View\{closure}()
#1 C:\xampp\htdocs\stefany\system\Common.php(1089): CodeIgniter\View\View->render('pengguna', Array, true)
#2 C:\xampp\htdocs\stefany\app\Controllers\Home.php(66): view('pengguna', Array)
#3 C:\xampp\htdocs\stefany\system\CodeIgniter.php(832): App\Controllers\Home->pengguna()
#4 C:\xampp\htdocs\stefany\system\CodeIgniter.php(419): CodeIgniter\CodeIgniter->runController(Object(App\Controllers\Home))
#5 C:\xampp\htdocs\stefany\system\CodeIgniter.php(326): CodeIgniter\CodeIgniter->handleRequest(NULL, Object(Config\Cache), false)
#6 C:\xampp\htdocs\stefany\public\index.php(37): CodeIgniter\CodeIgniter->run()
#7 C:\xampp\htdocs\stefany\system\Commands\Server\rewrite.php(43): require_once('C:\\xampp\\htdocs...')
#8 {main}
CRITICAL - 2023-07-24 01:30:35 --> Invalid argument supplied for foreach()
#0 C:\xampp\htdocs\stefany\app\Views\pengguna.php(81): CodeIgniter\Debug\Exceptions->errorHandler(2, 'Invalid argumen...', 'C:\\xampp\\htdocs...', 81, Array)
#1 C:\xampp\htdocs\stefany\system\View\View.php(210): include('C:\\xampp\\htdocs...')
#2 C:\xampp\htdocs\stefany\system\View\View.php(213): CodeIgniter\View\View->CodeIgniter\View\{closure}()
#3 C:\xampp\htdocs\stefany\system\Common.php(1089): CodeIgniter\View\View->render('pengguna', Array, true)
#4 C:\xampp\htdocs\stefany\app\Controllers\Home.php(66): view('pengguna', Array)
#5 C:\xampp\htdocs\stefany\system\CodeIgniter.php(832): App\Controllers\Home->pengguna()
#6 C:\xampp\htdocs\stefany\system\CodeIgniter.php(419): CodeIgniter\CodeIgniter->runController(Object(App\Controllers\Home))
#7 C:\xampp\htdocs\stefany\system\CodeIgniter.php(326): CodeIgniter\CodeIgniter->handleRequest(NULL, Object(Config\Cache), false)
#8 C:\xampp\htdocs\stefany\public\index.php(37): CodeIgniter\CodeIgniter->run()
#9 C:\xampp\htdocs\stefany\system\Commands\Server\rewrite.php(43): require_once('C:\\xampp\\htdocs...')
#10 {main}
CRITICAL - 2023-07-24 01:43:18 --> Invalid argument supplied for foreach()
#0 C:\xampp\htdocs\stefany\app\Views\tambah_pengguna.php(110): CodeIgniter\Debug\Exceptions->errorHandler(2, 'Invalid argumen...', 'C:\\xampp\\htdocs...', 110, Array)
#1 C:\xampp\htdocs\stefany\system\View\View.php(210): include('C:\\xampp\\htdocs...')
#2 C:\xampp\htdocs\stefany\system\View\View.php(213): CodeIgniter\View\View->CodeIgniter\View\{closure}()
#3 C:\xampp\htdocs\stefany\system\Common.php(1089): CodeIgniter\View\View->render('tambah_pengguna', Array, true)
#4 C:\xampp\htdocs\stefany\app\Controllers\Home.php(79): view('tambah_pengguna', Array)
#5 C:\xampp\htdocs\stefany\system\CodeIgniter.php(832): App\Controllers\Home->tambah_pengguna()
#6 C:\xampp\htdocs\stefany\system\CodeIgniter.php(419): CodeIgniter\CodeIgniter->runController(Object(App\Controllers\Home))
#7 C:\xampp\htdocs\stefany\system\CodeIgniter.php(326): CodeIgniter\CodeIgniter->handleRequest(NULL, Object(Config\Cache), false)
#8 C:\xampp\htdocs\stefany\public\index.php(37): CodeIgniter\CodeIgniter->run()
#9 C:\xampp\htdocs\stefany\system\Commands\Server\rewrite.php(43): require_once('C:\\xampp\\htdocs...')
#10 {main}
CRITICAL - 2023-07-24 01:45:58 --> Invalid argument supplied for foreach()
#0 C:\xampp\htdocs\stefany\app\Views\tambah_pengguna.php(110): CodeIgniter\Debug\Exceptions->errorHandler(2, 'Invalid argumen...', 'C:\\xampp\\htdocs...', 110, Array)
#1 C:\xampp\htdocs\stefany\system\View\View.php(210): include('C:\\xampp\\htdocs...')
#2 C:\xampp\htdocs\stefany\system\View\View.php(213): CodeIgniter\View\View->CodeIgniter\View\{closure}()
#3 C:\xampp\htdocs\stefany\system\Common.php(1089): CodeIgniter\View\View->render('tambah_pengguna', Array, true)
#4 C:\xampp\htdocs\stefany\app\Controllers\Home.php(79): view('tambah_pengguna', Array)
#5 C:\xampp\htdocs\stefany\system\CodeIgniter.php(832): App\Controllers\Home->tambah_pengguna()
#6 C:\xampp\htdocs\stefany\system\CodeIgniter.php(419): CodeIgniter\CodeIgniter->runController(Object(App\Controllers\Home))
#7 C:\xampp\htdocs\stefany\system\CodeIgniter.php(326): CodeIgniter\CodeIgniter->handleRequest(NULL, Object(Config\Cache), false)
#8 C:\xampp\htdocs\stefany\public\index.php(37): CodeIgniter\CodeIgniter->run()
#9 C:\xampp\htdocs\stefany\system\Commands\Server\rewrite.php(43): require_once('C:\\xampp\\htdocs...')
#10 {main}
